<?xml version="1.0"?>

<project name="simple-build" default="first-target"
         xmlns:rhq="antlib:org.rhq.bundle">

    <echo>basedir=${basedir}</echo>
    
    <rhq:bundle name="example.com (JBoss EAP 4.3)" version="1.0"
                description="example.com corporate website hosted on JBoss EAP 4.3"/>

    <rhq:input-property
       name="custom.prop1"
       description="my prop 1"
       required="true"
       defaultValue="default 1"/>

    <rhq:input-property
       name="custom.prop2"
       description="my prop 2"
       required="true"
       defaultValue="default 2"/>

    <property name="outfile" value="${basedir}/output.2" />

    <target name="first-target">        
        <!-- TODO -->
    </target>
    
</project>